<?xml version="1.0" encoding="UTF-8"?>
<testng-results skipped="0" failed="0" ignored="0" total="1" passed="1">
  <reporter-output>
  </reporter-output>
  <suite name="Suite" duration-ms="14873" started-at="2021-05-24T05:52:07Z" finished-at="2021-05-24T05:52:22Z">
    <groups>
    </groups>
    <test name="Test" duration-ms="14873" started-at="2021-05-24T05:52:07Z" finished-at="2021-05-24T05:52:22Z">
      <class name="TestSteps.OpenSteps">
        <test-method status="PASS" signature="open()[pri:0, instance:TestSteps.OpenSteps@1a6f5124]" name="open" is-config="true" duration-ms="9499" started-at="2021-05-24T05:52:07Z" finished-at="2021-05-24T05:52:17Z">
          <reporter-output>
          </reporter-output>
        </test-method> <!-- open -->
        <test-method status="PASS" signature="navigate()[pri:0, instance:TestSteps.OpenSteps@1a6f5124]" name="navigate" duration-ms="2488" started-at="2021-05-24T05:52:17Z" finished-at="2021-05-24T05:52:19Z">
          <reporter-output>
          </reporter-output>
        </test-method> <!-- navigate -->
        <test-method status="PASS" signature="Close()[pri:0, instance:TestSteps.OpenSteps@1a6f5124]" name="Close" is-config="true" duration-ms="2501" started-at="2021-05-24T05:52:20Z" finished-at="2021-05-24T05:52:22Z">
          <reporter-output>
          </reporter-output>
        </test-method> <!-- Close -->
      </class> <!-- TestSteps.OpenSteps -->
    </test> <!-- Test -->
  </suite> <!-- Suite -->
</testng-results>
