<?xml version="1.0" encoding="UTF-8"?>
<testng-results skipped="0" failed="0" ignored="0" total="1" passed="1">
  <reporter-output>
  </reporter-output>
  <suite name="Default suite" duration-ms="10946" started-at="2021-05-21T11:32:39Z" finished-at="2021-05-21T11:32:50Z">
    <groups>
    </groups>
    <test name="Default test" duration-ms="10946" started-at="2021-05-21T11:32:39Z" finished-at="2021-05-21T11:32:50Z">
      <class name="TestSteps.OpenSteps">
        <test-method status="PASS" signature="open()[pri:0, instance:TestSteps.OpenSteps@30865a90]" name="open" is-config="true" duration-ms="8212" started-at="2021-05-21T11:32:39Z" finished-at="2021-05-21T11:32:47Z">
          <reporter-output>
          </reporter-output>
        </test-method> <!-- open -->
        <test-method status="PASS" signature="navigate()[pri:0, instance:TestSteps.OpenSteps@30865a90]" name="navigate" duration-ms="1639" started-at="2021-05-21T11:32:47Z" finished-at="2021-05-21T11:32:49Z">
          <reporter-output>
          </reporter-output>
        </test-method> <!-- navigate -->
        <test-method status="PASS" signature="Close()[pri:0, instance:TestSteps.OpenSteps@30865a90]" name="Close" is-config="true" duration-ms="420" started-at="2021-05-21T11:32:49Z" finished-at="2021-05-21T11:32:50Z">
          <reporter-output>
          </reporter-output>
        </test-method> <!-- Close -->
      </class> <!-- TestSteps.OpenSteps -->
    </test> <!-- Default test -->
  </suite> <!-- Default suite -->
</testng-results>
